[0m23:20:35.326508 [debug] [MainThread]: Sending event: {'category': 'dbt', 'action': 'invocation', 'label': 'start', 'context': [<snowplow_tracker.self_describing_json.SelfDescribingJson object at 0x104f64980>, <snowplow_tracker.self_describing_json.SelfDescribingJson object at 0x105f03890>, <snowplow_tracker.self_describing_json.SelfDescribingJson object at 0x105f039d0>]}


============================== 23:20:35.388298 | 159215de-8344-4b50-938c-f402843752cf ==============================
[0m23:20:35.388298 [info ] [MainThread]: Running with dbt=1.11.3
[0m23:20:35.389650 [debug] [MainThread]: running dbt with arguments {'printer_width': '80', 'log_path': 'logs', 'log_format': 'default', 'cache_selected_only': 'False', 'static_parser': 'True', 'no_print': 'None', 'partial_parse': 'True', 'version_check': 'True', 'use_experimental_parser': 'False', 'warn_error': 'None', 'empty': 'None', 'profiles_dir': '/Users/khanhdang/.dbt', 'target_path': 'None', 'indirect_selection': 'eager', 'introspect': 'True', 'fail_fast': 'False', 'debug': 'False', 'send_anonymous_usage_stats': 'True', 'log_cache_events': 'False', 'quiet': 'False', 'warn_error_options': 'WarnErrorOptionsV2(error=[], warn=[], silence=[])', 'write_json': 'True', 'use_colors': 'True', 'invocation_command': 'dbt init taxi_rides_ny'}
[0m23:20:35.431743 [info ] [MainThread]: Creating dbt configuration folder at /Users/khanhdang/.dbt
[0m23:20:35.434326 [debug] [MainThread]: Starter project path: /Users/khanhdang/Documents/Self-learn/DataEngZoomcamp/data-engineer-zoomcamp-hw/W4_dbt/practice/dbt/.venv/lib/python3.13/site-packages/dbt/include/starter_project
[0m23:20:35.449173 [info ] [MainThread]: 
Your new dbt project "taxi_rides_ny" was created!

For more information on how to configure the profiles.yml file,
please consult the dbt documentation here:

  https://docs.getdbt.com/docs/configure-your-profile

One more thing:

Need help? Don't hesitate to reach out to us via GitHub issues or on Slack:

  https://community.getdbt.com/

Happy modeling!

[0m23:20:35.450243 [info ] [MainThread]: Setting up your profile.
[0m23:20:58.540044 [info ] [MainThread]: Profile taxi_rides_ny written to /Users/khanhdang/.dbt/profiles.yml using target's sample configuration. Once updated, you'll be able to start developing with dbt.
[0m23:20:58.574541 [debug] [MainThread]: Resource report: {"command_name": "init", "command_success": true, "command_wall_clock_time": 23.379627, "process_in_blocks": "0", "process_kernel_time": 0.461021, "process_mem_max_rss": "111587328", "process_out_blocks": "0", "process_user_time": 1.930691}
[0m23:20:58.575312 [debug] [MainThread]: Command `dbt init` succeeded at 23:20:58.575151 after 23.38 seconds
[0m23:20:58.575824 [debug] [MainThread]: Sending event: {'category': 'dbt', 'action': 'invocation', 'label': 'end', 'context': [<snowplow_tracker.self_describing_json.SelfDescribingJson object at 0x105f06c40>, <snowplow_tracker.self_describing_json.SelfDescribingJson object at 0x1057ea210>, <snowplow_tracker.self_describing_json.SelfDescribingJson object at 0x105fa6690>]}
[0m23:20:58.576354 [debug] [MainThread]: Flushing usage events
[0m23:20:59.954422 [debug] [MainThread]: An error was encountered while trying to flush usage events
[0m20:46:37.282944 [debug] [MainThread]: Sending event: {'category': 'dbt', 'action': 'invocation', 'label': 'start', 'context': [<snowplow_tracker.self_describing_json.SelfDescribingJson object at 0x10d5f8980>, <snowplow_tracker.self_describing_json.SelfDescribingJson object at 0x10e597890>, <snowplow_tracker.self_describing_json.SelfDescribingJson object at 0x10e5979d0>]}


============================== 20:46:37.291836 | 3d5df187-ba29-4083-b487-5d54201127b6 ==============================
[0m20:46:37.291836 [info ] [MainThread]: Running with dbt=1.11.3
[0m20:46:37.292741 [debug] [MainThread]: running dbt with arguments {'no_print': 'None', 'version_check': 'True', 'use_experimental_parser': 'False', 'target_path': 'None', 'debug': 'False', 'warn_error_options': 'WarnErrorOptionsV2(error=[], warn=[], silence=[])', 'static_parser': 'True', 'log_format': 'default', 'send_anonymous_usage_stats': 'True', 'quiet': 'False', 'log_cache_events': 'False', 'cache_selected_only': 'False', 'fail_fast': 'False', 'invocation_command': 'dbt debug', 'warn_error': 'None', 'empty': 'None', 'printer_width': '80', 'partial_parse': 'True', 'use_colors': 'True', 'indirect_selection': 'eager', 'write_json': 'True', 'introspect': 'True', 'profiles_dir': '/Users/khanhdang/.dbt', 'log_path': 'logs'}
[0m20:46:37.320238 [info ] [MainThread]: dbt version: 1.11.3
[0m20:46:37.320732 [info ] [MainThread]: python version: 3.13.6
[0m20:46:37.321140 [info ] [MainThread]: python path: /Users/khanhdang/Documents/Self-learn/DataEngZoomcamp/data-engineer-zoomcamp-hw/W4_dbt/practice/dbt/.venv/bin/python3.13
[0m20:46:37.321539 [info ] [MainThread]: os info: macOS-14.6.1-x86_64-i386-64bit-Mach-O
[0m20:46:38.074370 [info ] [MainThread]: Using profiles dir at /Users/khanhdang/.dbt
[0m20:46:38.074878 [info ] [MainThread]: Using profiles.yml file at /Users/khanhdang/.dbt/profiles.yml
[0m20:46:38.075283 [info ] [MainThread]: Using dbt_project.yml file at /Users/khanhdang/Documents/Self-learn/DataEngZoomcamp/data-engineer-zoomcamp-hw/W4_dbt/practice/dbt/dbt_project.yml
[0m20:46:38.078159 [info ] [MainThread]: adapter type: duckdb
[0m20:46:38.078663 [info ] [MainThread]: adapter version: 1.10.0
[0m20:46:38.079100 [info ] [MainThread]: Configuration:
[0m20:46:38.079493 [info ] [MainThread]:   profiles.yml file [[32mOK found and valid[0m]
[0m20:46:38.079969 [info ] [MainThread]:   dbt_project.yml file [[31mERROR not found[0m]
[0m20:46:38.080435 [info ] [MainThread]: Required dependencies:
[0m20:46:38.080982 [debug] [MainThread]: Executing "git --help"
[0m20:46:38.130862 [debug] [MainThread]: STDOUT: "b"usage: git [--version] [--help] [-C <path>] [-c <name>=<value>]\n           [--exec-path[=<path>]] [--html-path] [--man-path] [--info-path]\n           [-p | --paginate | -P | --no-pager] [--no-replace-objects] [--bare]\n           [--git-dir=<path>] [--work-tree=<path>] [--namespace=<name>]\n           <command> [<args>]\n\nThese are common Git commands used in various situations:\n\nstart a working area (see also: git help tutorial)\n   clone             Clone a repository into a new directory\n   init              Create an empty Git repository or reinitialize an existing one\n\nwork on the current change (see also: git help everyday)\n   add               Add file contents to the index\n   mv                Move or rename a file, a directory, or a symlink\n   restore           Restore working tree files\n   rm                Remove files from the working tree and from the index\n   sparse-checkout   Initialize and modify the sparse-checkout\n\nexamine the history and state (see also: git help revisions)\n   bisect            Use binary search to find the commit that introduced a bug\n   diff              Show changes between commits, commit and working tree, etc\n   grep              Print lines matching a pattern\n   log               Show commit logs\n   show              Show various types of objects\n   status            Show the working tree status\n\ngrow, mark and tweak your common history\n   branch            List, create, or delete branches\n   commit            Record changes to the repository\n   merge             Join two or more development histories together\n   rebase            Reapply commits on top of another base tip\n   reset             Reset current HEAD to the specified state\n   switch            Switch branches\n   tag               Create, list, delete or verify a tag object signed with GPG\n\ncollaborate (see also: git help workflows)\n   fetch             Download objects and refs from another repository\n   pull              Fetch from and integrate with another repository or a local branch\n   push              Update remote refs along with associated objects\n\n'git help -a' and 'git help -g' list available subcommands and some\nconcept guides. See 'git help <command>' or 'git help <concept>'\nto read about a specific subcommand or concept.\nSee 'git help git' for an overview of the system.\n""
[0m20:46:38.131988 [debug] [MainThread]: STDERR: "b''"
[0m20:46:38.132467 [info ] [MainThread]:  - git [[32mOK found[0m]

[0m20:46:38.132958 [info ] [MainThread]: Connection:
[0m20:46:38.133443 [info ] [MainThread]:   database: taxi_rides_ny
[0m20:46:38.133867 [info ] [MainThread]:   schema: dev
[0m20:46:38.134474 [info ] [MainThread]:   path: taxi_rides_ny.duckdb
[0m20:46:38.134989 [info ] [MainThread]:   config_options: None
[0m20:46:38.135410 [info ] [MainThread]:   extensions: ['parquet']
[0m20:46:38.136209 [info ] [MainThread]:   settings: {'memory_limit': '2GB', 'preserve_insertion_order': False}
[0m20:46:38.136947 [info ] [MainThread]:   external_root: .
[0m20:46:38.137840 [info ] [MainThread]:   use_credential_provider: None
[0m20:46:38.138663 [info ] [MainThread]:   attach: None
[0m20:46:38.139181 [info ] [MainThread]:   filesystems: None
[0m20:46:38.139681 [info ] [MainThread]:   remote: None
[0m20:46:38.140209 [info ] [MainThread]:   plugins: None
[0m20:46:38.140614 [info ] [MainThread]:   disable_transactions: False
[0m20:46:38.141511 [info ] [MainThread]: Registered adapter: duckdb=1.10.0
[0m20:46:38.392540 [debug] [MainThread]: Acquiring new duckdb connection 'debug'
[0m20:46:38.497254 [debug] [MainThread]: Using duckdb connection "debug"
[0m20:46:38.497755 [debug] [MainThread]: On debug: select 1 as id
[0m20:46:38.498166 [debug] [MainThread]: Opening a new connection, currently in state init
[0m20:46:39.508044 [debug] [MainThread]: SQL status: OK in 1.010 seconds
[0m20:46:39.509323 [debug] [MainThread]: On debug: Close
[0m20:46:39.509808 [info ] [MainThread]:   Connection test: [[32mOK connection ok[0m]

[0m20:46:39.510360 [info ] [MainThread]: [31m1 check failed:[0m
[0m20:46:39.510790 [info ] [MainThread]: Project loading failed for the following reason:
 project path </Users/khanhdang/Documents/Self-learn/DataEngZoomcamp/data-engineer-zoomcamp-hw/W4_dbt/practice/dbt/dbt_project.yml> not found

[0m20:46:39.559905 [debug] [MainThread]: Resource report: {"command_name": "debug", "command_success": false, "command_wall_clock_time": 2.3937423, "process_in_blocks": "0", "process_kernel_time": 0.69989, "process_mem_max_rss": "156225536", "process_out_blocks": "0", "process_user_time": 2.226823}
[0m20:46:39.560834 [debug] [MainThread]: Command `dbt debug` failed at 20:46:39.560627 after 2.39 seconds
[0m20:46:39.561338 [debug] [MainThread]: Connection 'debug' was properly closed.
[0m20:46:39.561848 [debug] [MainThread]: Sending event: {'category': 'dbt', 'action': 'invocation', 'label': 'end', 'context': [<snowplow_tracker.self_describing_json.SelfDescribingJson object at 0x10e771ba0>, <snowplow_tracker.self_describing_json.SelfDescribingJson object at 0x10ebb43b0>, <snowplow_tracker.self_describing_json.SelfDescribingJson object at 0x10e63ead0>]}
[0m20:46:39.562425 [debug] [MainThread]: Flushing usage events
[0m20:46:40.600428 [debug] [MainThread]: An error was encountered while trying to flush usage events
